#
# A fatal error has been detected by the Java Runtime Environment:
#
#  EXCEPTION_ACCESS_VIOLATION (0xc0000005) at pc=0x0000000073b29179, pid=3876, tid=0x00000000000009c0
#
# JRE version: Java(TM) SE Runtime Environment (8.0_221-b11) (build 1.8.0_221-b11)
# Java VM: Java HotSpot(TM) 64-Bit Server VM (25.221-b11 mixed mode windows-amd64 compressed oops)
# Problematic frame:
# V  [jvm.dll+0x69179]
#
# Failed to write core dump. Minidumps are not enabled by default on client versions of Windows
#
# If you would like to submit a bug report, please visit:
#   http://bugreport.java.com/bugreport/crash.jsp
#

---------------  T H R E A D  ---------------

Current thread (0x0000000054d2a000):  JavaThread "Finalizer" daemon [_thread_in_vm, id=2496, stack(0x0000000055e90000,0x0000000055f90000)]

siginfo: ExceptionCode=0xc0000005, reading address 0x0000000000000036

Registers:
RAX=0x0000000000000000, RBX=0x0000000054d2a000, RCX=0x0000000000000000, RDX=0x0000000000000036
RSP=0x0000000055f8fa88, RBP=0x0000000055f8fc30, RSI=0x0000000000000000, RDI=0x0000000000000000
R8 =0x0000000000000000, R9 =0x0000000000000000, R10=0x0000000000000019, R11=0x0000000000000001
R12=0x0000000000000000, R13=0x0000000000000000, R14=0x0000000000000000, R15=0x0000000000000000
RIP=0x0000000073b29179, EFLAGS=0x0000000000010246

Top of Stack: (sp=0x0000000055f8fa88)
0x0000000055f8fa88:   0000000073d065e0 0000000001eec500
0x0000000055f8fa98:   0000000000004000 0000000000000000
0x0000000055f8faa8:   0000000000000000 0000000000000000
0x0000000055f8fab8:   0000000073d07050 0000000054d2a000
0x0000000055f8fac8:   0000000000000000 000000000000002d
0x0000000055f8fad8:   0000000000000000 0000000000000000
0x0000000055f8fae8:   0000000000000000 0000000000000000
0x0000000055f8faf8:   0000000000000000 0000000054d2a000
0x0000000055f8fb08:   0000000073d5fb8a 0000000000000000
0x0000000055f8fb18:   0000000000000000 0000000000000000
0x0000000055f8fb28:   0000000000000000 0000000000000000
0x0000000055f8fb38:   0000000000000000 0000000000000000
0x0000000055f8fb48:   0000000000000000 0000000054d2b030
0x0000000055f8fb58:   0000000001ee0000 0000000054d2b020
0x0000000055f8fb68:   0000000076d6413d 0000000001ee0000
0x0000000055f8fb78:   0000000000000001 0000000000000000 

Instructions: (pc=0x0000000073b29179)
0x0000000073b29159:   08 c3 cc cc cc cc cc 48 63 05 51 37 79 00 89 14
0x0000000073b29169:   08 c3 cc cc cc cc cc 48 63 15 4d 37 79 00 33 c0
0x0000000073b29179:   38 04 0a 0f 95 c0 c3 48 63 05 3d 37 79 00 c6 04
0x0000000073b29189:   08 01 c3 cc cc cc cc 48 63 15 25 37 79 00 33 c0 


Register to memory mapping:

RAX=0x0000000000000000 is an unknown value
RBX=0x0000000054d2a000 is a thread
RCX=0x0000000000000000 is an unknown value
RDX=0x0000000000000036 is an unknown value
RSP=0x0000000055f8fa88 is pointing into the stack for thread: 0x0000000054d2a000
RBP=0x0000000055f8fc30 is pointing into the stack for thread: 0x0000000054d2a000
RSI=0x0000000000000000 is an unknown value
RDI=0x0000000000000000 is an unknown value
R8 =0x0000000000000000 is an unknown value
R9 =0x0000000000000000 is an unknown value
R10=0x0000000000000019 is an unknown value
R11=0x0000000000000001 is an unknown value
R12=0x0000000000000000 is an unknown value
R13=0x0000000000000000 is an unknown value
R14=0x0000000000000000 is an unknown value
R15=0x0000000000000000 is an unknown value


Stack: [0x0000000055e90000,0x0000000055f90000],  sp=0x0000000055f8fa88,  free space=1022k
Native frames: (J=compiled Java code, j=interpreted, Vv=VM code, C=native code)
V  [jvm.dll+0x69179]


---------------  P R O C E S S  ---------------

Java Threads: ( => current thread )
  0x0000000056783800 JavaThread "Service Thread" daemon [_thread_new, id=2840, stack(0x0000000000000000,0x0000000000000000)]
  0x0000000056706800 JavaThread "C1 CompilerThread2" daemon [_thread_blocked, id=1808, stack(0x0000000056cf0000,0x0000000056df0000)]
  0x0000000054d4f000 JavaThread "C2 CompilerThread1" daemon [_thread_blocked, id=5628, stack(0x0000000056bc0000,0x0000000056cc0000)]
  0x0000000054d49800 JavaThread "C2 CompilerThread0" daemon [_thread_in_vm, id=4424, stack(0x0000000056600000,0x0000000056700000)]
  0x0000000054d45000 JavaThread "Attach Listener" daemon [_thread_blocked, id=4528, stack(0x00000000563b0000,0x00000000564b0000)]
  0x0000000054d44000 JavaThread "Signal Dispatcher" daemon [_thread_blocked, id=4968, stack(0x00000000561c0000,0x00000000562c0000)]
=>0x0000000054d2a000 JavaThread "Finalizer" daemon [_thread_in_vm, id=2496, stack(0x0000000055e90000,0x0000000055f90000)]
  0x0000000054d23000 JavaThread "Reference Handler" daemon [_thread_blocked, id=5144, stack(0x0000000011ef0000,0x0000000011ff0000)]
  0x0000000001eee800 JavaThread "main" [_thread_in_vm, id=5832, stack(0x0000000002190000,0x0000000002290000)]

Other Threads:
  0x0000000054cdb800 VMThread [stack: 0x0000000055cc0000,0x0000000055dc0000] [id=5124]

VM state:not at safepoint (normal execution)

VM Mutex/Monitor currently owned by a thread: None

heap address: 0x00000000c1a00000, size: 998 MB, Compressed Oops mode: 32-bit
Narrow klass base: 0x0000000000000000, Narrow klass shift: 0
Compressed class space size: 1073741824 Address: 0x0000000014350000

Heap:
 PSYoungGen      total 18944K, used 655K [0x00000000eb380000, 0x00000000ec880000, 0x0000000100000000)
  eden space 16384K, 4% used [0x00000000eb380000,0x00000000eb423e20,0x00000000ec380000)
  from space 2560K, 0% used [0x00000000ec600000,0x00000000ec600000,0x00000000ec880000)
  to   space 2560K, 0% used [0x00000000ec380000,0x00000000ec380000,0x00000000ec600000)
 ParOldGen       total 44032K, used 0K [0x00000000c1a00000, 0x00000000c4500000, 0x00000000eb380000)
  object space 44032K, 0% used [0x00000000c1a00000,0x00000000c1a00000,0x00000000c4500000)
 Metaspace       used 2180K, capacity 4480K, committed 4480K, reserved 1056768K
  class space    used 238K, capacity 384K, committed 384K, reserved 1048576K

Card table byte_map: [0x0000000011920000,0x0000000011b20000] byte_map_base: 0x0000000011313000

Marking Bits: (ParMarkBitMap*) 0x00000000742e5ce0
 Begin Bits: [0x0000000012220000, 0x00000000131b8000)
 End Bits:   [0x00000000131b8000, 0x0000000014150000)

Polling page: 0x0000000000300000

CodeCache: size=245760Kb used=1060Kb max_used=1071Kb free=244699Kb
 bounds [0x0000000002560000, 0x00000000027d0000, 0x0000000011560000]
 total_blobs=223 nmethods=1 adapters=137
 compilation: enabled

Compilation events (0 events):
No events

GC Heap History (0 events):
No events

Deoptimization events (0 events):
No events

Classes redefined (0 events):
No events

Internal exceptions (2 events):
Event: 0.117 Thread 0x0000000001eee800 Exception <a 'java/lang/NoSuchMethodError': Method sun.misc.Unsafe.defineClass(Ljava/lang/String;[BII)Ljava/lang/Class; name or signature does not match> (0x00000000eb387cb8) thrown at [C:\re\workspace\8-2-build-windows-amd64-cygwin\jdk8u221\13320\hotspot
Event: 0.117 Thread 0x0000000001eee800 Exception <a 'java/lang/NoSuchMethodError': Method sun.misc.Unsafe.prefetchRead(Ljava/lang/Object;J)V name or signature does not match> (0x00000000eb387fa0) thrown at [C:\re\workspace\8-2-build-windows-amd64-cygwin\jdk8u221\13320\hotspot\src\share\vm\prim

Events (10 events):
Event: 0.233 loading class java/util/concurrent/ConcurrentHashMap$CounterCell done
Event: 0.233 loading class java/util/concurrent/ConcurrentHashMap$KeySetView
Event: 0.233 loading class java/util/concurrent/ConcurrentHashMap$CollectionView
Event: 0.233 loading class java/util/concurrent/ConcurrentHashMap$CollectionView done
Event: 0.233 loading class java/util/concurrent/ConcurrentHashMap$KeySetView done
Event: 0.233 loading class java/util/concurrent/ConcurrentHashMap$ValuesView
Event: 0.233 loading class java/util/concurrent/ConcurrentHashMap$ValuesView done
Event: 0.233 loading class java/util/concurrent/ConcurrentHashMap$EntrySetView
Event: 0.234 loading class java/util/concurrent/ConcurrentHashMap$EntrySetView done
Event: 0.234 loading class sun/util/locale/BaseLocale


Dynamic libraries:
0x000000013f940000 - 0x000000013f977000 	C:\Users\Admin\Desktop\jdk1.8.0_221\bin\javaw.exe
0x0000000076d10000 - 0x0000000076eb9000 	C:\Windows\SYSTEM32\ntdll.dll
0x0000000076af0000 - 0x0000000076c0f000 	C:\Windows\system32\kernel32.dll
0x000007fefcf80000 - 0x000007fefcfeb000 	C:\Windows\system32\KERNELBASE.dll
0x000007fefe510000 - 0x000007fefe5eb000 	C:\Windows\system32\ADVAPI32.dll
0x000007fefec00000 - 0x000007fefec9f000 	C:\Windows\system32\msvcrt.dll
0x000007fefd0b0000 - 0x000007fefd0cf000 	C:\Windows\SYSTEM32\sechost.dll
0x000007fefeef0000 - 0x000007feff01d000 	C:\Windows\system32\RPCRT4.dll
0x0000000076c10000 - 0x0000000076d0a000 	C:\Windows\system32\USER32.dll
0x000007fefee80000 - 0x000007fefeee7000 	C:\Windows\system32\GDI32.dll
0x000007fefd770000 - 0x000007fefd77e000 	C:\Windows\system32\LPK.dll
0x000007fefeca0000 - 0x000007fefed69000 	C:\Windows\system32\USP10.dll
0x000007fefb730000 - 0x000007fefb924000 	C:\Windows\WinSxS\amd64_microsoft.windows.common-controls_6595b64144ccf1df_6.0.7601.17514_none_fa396087175ac9ac\COMCTL32.dll
0x000007fefd0f0000 - 0x000007fefd161000 	C:\Windows\system32\SHLWAPI.dll
0x000007fefd380000 - 0x000007fefd3ae000 	C:\Windows\system32\IMM32.DLL
0x000007fefed70000 - 0x000007fefee79000 	C:\Windows\system32\MSCTF.dll
0x00000000739e0000 - 0x0000000073ab2000 	C:\Users\Admin\Desktop\jdk1.8.0_221\jre\bin\msvcr100.dll
0x0000000073ac0000 - 0x0000000074365000 	C:\Users\Admin\Desktop\jdk1.8.0_221\jre\bin\server\jvm.dll
0x000007fef9b00000 - 0x000007fef9b09000 	C:\Windows\system32\WSOCK32.dll
0x000007fefd640000 - 0x000007fefd68d000 	C:\Windows\system32\WS2_32.dll
0x000007fefd4b0000 - 0x000007fefd4b8000 	C:\Windows\system32\NSI.dll
0x000007fefacf0000 - 0x000007fefad2b000 	C:\Windows\system32\WINMM.dll
0x000007fefbdc0000 - 0x000007fefbdcc000 	C:\Windows\system32\VERSION.dll
0x0000000076ee0000 - 0x0000000076ee7000 	C:\Windows\system32\PSAPI.DLL
0x000007fef5370000 - 0x000007fef537f000 	C:\Users\Admin\Desktop\jdk1.8.0_221\jre\bin\verify.dll
0x000007fef5340000 - 0x000007fef5369000 	C:\Users\Admin\Desktop\jdk1.8.0_221\jre\bin\java.dll
0x000007fef5320000 - 0x000007fef5336000 	C:\Users\Admin\Desktop\jdk1.8.0_221\jre\bin\zip.dll
0x000007fefd780000 - 0x000007fefe508000 	C:\Windows\system32\SHELL32.dll
0x000007fefd170000 - 0x000007fefd373000 	C:\Windows\system32\ole32.dll
0x000007fefcc60000 - 0x000007fefcc6f000 	C:\Windows\system32\profapi.dll
0x000007fef4de0000 - 0x000007fef4f05000 	C:\Windows\system32\dbghelp.dll

VM Arguments:
jvm_args: -Dfile.encoding=Cp1252 
java_command: Urbanladder1
java_class_path (initial): C:\Users\Admin\eclipse-workspace\.metadata\Selenium\bin;C:\Users\Admin\eclipse-workspace\.metadata\Selenium\jar\selenium-server-standalone-3.141.59.jar
Launcher Type: SUN_STANDARD

Environment Variables:
PATH=C:/Users/Admin/Desktop/jdk1.8.0_221/bin/../jre/bin/server;C:/Users/Admin/Desktop/jdk1.8.0_221/bin/../jre/bin;C:/Users/Admin/Desktop/jdk1.8.0_221/bin/../jre/lib/amd64;C:\Users\Admin\Desktop\jdk1.8.0_221\bin;C:\Users\Admin\Desktop;
USERNAME=Admin
OS=Windows_NT
PROCESSOR_IDENTIFIER=Intel64 Family 6 Model 58 Stepping 9, GenuineIntel



---------------  S Y S T E M  ---------------

OS: Windows 7 , 64 bit Build 7601 (6.1.7601.17514)

CPU:total 4 (initial active 4) (2 cores per cpu, 2 threads per core) family 6 model 58 stepping 9, cmov, cx8, fxsr, mmx, sse, sse2, sse3, ssse3, sse4.1, sse4.2, popcnt, avx, aes, clmul, erms, ht, tsc, tscinvbit, tscinv

Memory: 4k page, physical 4084420k(1867416k free), swap 8166996k(5463700k free)

vm_info: Java HotSpot(TM) 64-Bit Server VM (25.221-b11) for windows-amd64 JRE (1.8.0_221-b11), built on Jul  4 2019 04:39:29 by "java_re" with MS VC++ 10.0 (VS2010)

time: Tue Dec 10 13:53:01 2019
timezone: India Standard Time
elapsed time: 0 seconds (0d 0h 0m 0s)

